# JRE version: OpenJDK Runtime Environment (8.0_312-b07) (build 1.8.0_312-b07)
# Java VM: OpenJDK 64-Bit Server VM (25.312-b07 mixed mode windows-amd64 compressed oops)
Heap:
 PSYoungGen      total 71680K, used 62709K [0x00000000d5600000, 0x00000000deb00000, 0x0000000100000000)
  eden space 66560K, 94% used [0x00000000d5600000,0x00000000d933d670,0x00000000d9700000)
  from space 5120K, 0% used [0x00000000d9700000,0x00000000d9700000,0x00000000d9c00000)
  to   space 9728K, 0% used [0x00000000de180000,0x00000000de180000,0x00000000deb00000)
 ParOldGen       total 48128K, used 6329K [0x0000000080200000, 0x0000000083100000, 0x00000000d5600000)
  object space 48128K, 13% used [0x0000000080200000,0x000000008082e540,0x0000000083100000)
 Metaspace       used 29070K, capacity 29800K, committed 30128K, reserved 1075200K
  class space    used 4031K, capacity 4195K, committed 4272K, reserved 1048576K
GC Heap History (10 events):
Event: 2.534 GC heap before
{Heap before GC invocations=2 (full 0):
 PSYoungGen      total 38400K, used 38318K [0x00000000d5600000, 0x00000000d8080000, 0x0000000100000000)
  eden space 33280K, 100% used [0x00000000d5600000,0x00000000d7680000,0x00000000d7680000)
  from space 5120K, 98% used [0x00000000d7680000,0x00000000d7b6b938,0x00000000d7b80000)
  to   space 5120K, 0% used [0x00000000d7b80000,0x00000000d7b80000,0x00000000d8080000)
 ParOldGen       total 87552K, used 8K [0x0000000080200000, 0x0000000085780000, 0x00000000d5600000)
  object space 87552K, 0% used [0x0000000080200000,0x0000000080202000,0x0000000085780000)
 Metaspace       used 9715K, capacity 10040K, committed 10240K, reserved 1058816K
  class space    used 1168K, capacity 1264K, committed 1280K, reserved 1048576K
Event: 2.540 GC heap after
Heap after GC invocations=2 (full 0):
 PSYoungGen      total 38400K, used 2262K [0x00000000d5600000, 0x00000000da100000, 0x0000000100000000)
  eden space 33280K, 0% used [0x00000000d5600000,0x00000000d5600000,0x00000000d7680000)
  from space 5120K, 44% used [0x00000000d7b80000,0x00000000d7db5b38,0x00000000d8080000)
  to   space 5120K, 0% used [0x00000000d7680000,0x00000000d7680000,0x00000000d7b80000)
 ParOldGen       total 87552K, used 16K [0x0000000080200000, 0x0000000085780000, 0x00000000d5600000)
  object space 87552K, 0% used [0x0000000080200000,0x0000000080204000,0x0000000085780000)
 Metaspace       used 9715K, capacity 10040K, committed 10240K, reserved 1058816K
  class space    used 1168K, capacity 1264K, committed 1280K, reserved 1048576K
}
Event: 3.788 GC heap before
{Heap before GC invocations=3 (full 0):
 PSYoungGen      total 38400K, used 35542K [0x00000000d5600000, 0x00000000da100000, 0x0000000100000000)
  eden space 33280K, 100% used [0x00000000d5600000,0x00000000d7680000,0x00000000d7680000)
  from space 5120K, 44% used [0x00000000d7b80000,0x00000000d7db5b38,0x00000000d8080000)
  to   space 5120K, 0% used [0x00000000d7680000,0x00000000d7680000,0x00000000d7b80000)
 ParOldGen       total 87552K, used 16K [0x0000000080200000, 0x0000000085780000, 0x00000000d5600000)
  object space 87552K, 0% used [0x0000000080200000,0x0000000080204000,0x0000000085780000)
 Metaspace       used 14360K, capacity 14804K, committed 14976K, reserved 1062912K
  class space    used 1779K, capacity 1917K, committed 1920K, reserved 1048576K
Event: 3.809 GC heap after
Heap after GC invocations=3 (full 0):
 PSYoungGen      total 38400K, used 5118K [0x00000000d5600000, 0x00000000da100000, 0x0000000100000000)
  eden space 33280K, 0% used [0x00000000d5600000,0x00000000d5600000,0x00000000d7680000)
  from space 5120K, 99% used [0x00000000d7680000,0x00000000d7b7f998,0x00000000d7b80000)
  to   space 5120K, 0% used [0x00000000d9c00000,0x00000000d9c00000,0x00000000da100000)
 ParOldGen       total 87552K, used 1471K [0x0000000080200000, 0x0000000085780000, 0x00000000d5600000)
  object space 87552K, 1% used [0x0000000080200000,0x000000008036fd88,0x0000000085780000)
 Metaspace       used 14360K, capacity 14804K, committed 14976K, reserved 1062912K
  class space    used 1779K, capacity 1917K, committed 1920K, reserved 1048576K
}
Event: 5.505 GC heap before
{Heap before GC invocations=4 (full 0):
 PSYoungGen      total 38400K, used 38398K [0x00000000d5600000, 0x00000000da100000, 0x0000000100000000)
  eden space 33280K, 100% used [0x00000000d5600000,0x00000000d7680000,0x00000000d7680000)
  from space 5120K, 99% used [0x00000000d7680000,0x00000000d7b7f998,0x00000000d7b80000)
  to   space 5120K, 0% used [0x00000000d9c00000,0x00000000d9c00000,0x00000000da100000)
 ParOldGen       total 87552K, used 1471K [0x0000000080200000, 0x0000000085780000, 0x00000000d5600000)
  object space 87552K, 1% used [0x0000000080200000,0x000000008036fd88,0x0000000085780000)
 Metaspace       used 19903K, capacity 20406K, committed 20736K, reserved 1067008K
  class space    used 2582K, capacity 2722K, committed 2816K, reserved 1048576K
Event: 5.519 GC heap after
Heap after GC invocations=4 (full 0):
 PSYoungGen      total 71680K, used 5097K [0x00000000d5600000, 0x00000000da100000, 0x0000000100000000)
  eden space 66560K, 0% used [0x00000000d5600000,0x00000000d5600000,0x00000000d9700000)
  from space 5120K, 99% used [0x00000000d9c00000,0x00000000da0fa450,0x00000000da100000)
  to   space 5120K, 0% used [0x00000000d9700000,0x00000000d9700000,0x00000000d9c00000)
 ParOldGen       total 87552K, used 4537K [0x0000000080200000, 0x0000000085780000, 0x00000000d5600000)
  object space 87552K, 5% used [0x0000000080200000,0x000000008066e538,0x0000000085780000)
 Metaspace       used 19903K, capacity 20406K, committed 20736K, reserved 1067008K
  class space    used 2582K, capacity 2722K, committed 2816K, reserved 1048576K
}
Event: 5.678 GC heap before
{Heap before GC invocations=5 (full 0):
 PSYoungGen      total 71680K, used 10545K [0x00000000d5600000, 0x00000000da100000, 0x0000000100000000)
  eden space 66560K, 8% used [0x00000000d5600000,0x00000000d5b52228,0x00000000d9700000)
  from space 5120K, 99% used [0x00000000d9c00000,0x00000000da0fa450,0x00000000da100000)
  to   space 5120K, 0% used [0x00000000d9700000,0x00000000d9700000,0x00000000d9c00000)
 ParOldGen       total 87552K, used 4537K [0x0000000080200000, 0x0000000085780000, 0x00000000d5600000)
  object space 87552K, 5% used [0x0000000080200000,0x000000008066e538,0x0000000085780000)
 Metaspace       used 20636K, capacity 21168K, committed 21296K, reserved 1067008K
  class space    used 2680K, capacity 2823K, committed 2864K, reserved 1048576K
Event: 5.691 GC heap after
Heap after GC invocations=5 (full 0):
 PSYoungGen      total 71680K, used 5097K [0x00000000d5600000, 0x00000000deb00000, 0x0000000100000000)
  eden space 66560K, 0% used [0x00000000d5600000,0x00000000d5600000,0x00000000d9700000)
  from space 5120K, 99% used [0x00000000d9700000,0x00000000d9bfa470,0x00000000d9c00000)
  to   space 9728K, 0% used [0x00000000de180000,0x00000000de180000,0x00000000deb00000)
 ParOldGen       total 87552K, used 5845K [0x0000000080200000, 0x0000000085780000, 0x00000000d5600000)
  object space 87552K, 6% used [0x0000000080200000,0x00000000807b5758,0x0000000085780000)
 Metaspace       used 20636K, capacity 21168K, committed 21296K, reserved 1067008K
  class space    used 2680K, capacity 2823K, committed 2864K, reserved 1048576K
}
Event: 5.691 GC heap before
{Heap before GC invocations=6 (full 1):
 PSYoungGen      total 71680K, used 5097K [0x00000000d5600000, 0x00000000deb00000, 0x0000000100000000)
  eden space 66560K, 0% used [0x00000000d5600000,0x00000000d5600000,0x00000000d9700000)
  from space 5120K, 99% used [0x00000000d9700000,0x00000000d9bfa470,0x00000000d9c00000)
  to   space 9728K, 0% used [0x00000000de180000,0x00000000de180000,0x00000000deb00000)
 ParOldGen       total 87552K, used 5845K [0x0000000080200000, 0x0000000085780000, 0x00000000d5600000)
  object space 87552K, 6% used [0x0000000080200000,0x00000000807b5758,0x0000000085780000)
 Metaspace       used 20636K, capacity 21168K, committed 21296K, reserved 1067008K
  class space    used 2680K, capacity 2823K, committed 2864K, reserved 1048576K
Event: 5.749 GC heap after
Heap after GC invocations=6 (full 1):
 PSYoungGen      total 71680K, used 0K [0x00000000d5600000, 0x00000000deb00000, 0x0000000100000000)
  eden space 66560K, 0% used [0x00000000d5600000,0x00000000d5600000,0x00000000d9700000)
  from space 5120K, 0% used [0x00000000d9700000,0x00000000d9700000,0x00000000d9c00000)
  to   space 9728K, 0% used [0x00000000de180000,0x00000000de180000,0x00000000deb00000)
 ParOldGen       total 48128K, used 6329K [0x0000000080200000, 0x0000000083100000, 0x00000000d5600000)
  object space 48128K, 13% used [0x0000000080200000,0x000000008082e540,0x0000000083100000)
 Metaspace       used 20636K, capacity 21168K, committed 21296K, reserved 1067008K
  class space    used 2680K, capacity 2823K, committed 2864K, reserved 1048576K
}

