# JRE version: OpenJDK Runtime Environment (8.0_312-b07) (build 1.8.0_312-b07)
# Java VM: OpenJDK 64-Bit Server VM (25.312-b07 mixed mode windows-amd64 compressed oops)
Heap:
 PSYoungGen      total 38400K, used 3609K [0x00000000d5600000, 0x00000000d8080000, 0x0000000100000000)
  eden space 33280K, 0% used [0x00000000d5600000,0x00000000d5600000,0x00000000d7680000)
  from space 5120K, 70% used [0x00000000d7b80000,0x00000000d7f06440,0x00000000d8080000)
  to   space 5120K, 0% used [0x00000000d7680000,0x00000000d7680000,0x00000000d7b80000)
 ParOldGen       total 87552K, used 1568K [0x0000000080200000, 0x0000000085780000, 0x00000000d5600000)
  object space 87552K, 1% used [0x0000000080200000,0x0000000080388158,0x0000000085780000)
 Metaspace       used 14440K, capacity 14882K, committed 14976K, reserved 1062912K
  class space    used 1803K, capacity 1918K, committed 1920K, reserved 1048576K
GC Heap History (9 events):
Event: 1.923 GC heap before
{Heap before GC invocations=1 (full 0):
 PSYoungGen      total 38400K, used 33280K [0x00000000d5600000, 0x00000000d8080000, 0x0000000100000000)
  eden space 33280K, 100% used [0x00000000d5600000,0x00000000d7680000,0x00000000d7680000)
  from space 5120K, 0% used [0x00000000d7b80000,0x00000000d7b80000,0x00000000d8080000)
  to   space 5120K, 0% used [0x00000000d7680000,0x00000000d7680000,0x00000000d7b80000)
 ParOldGen       total 87552K, used 0K [0x0000000080200000, 0x0000000085780000, 0x00000000d5600000)
  object space 87552K, 0% used [0x0000000080200000,0x0000000080200000,0x0000000085780000)
 Metaspace       used 9693K, capacity 10048K, committed 10240K, reserved 1058816K
  class space    used 1166K, capacity 1264K, committed 1280K, reserved 1048576K
Event: 1.935 GC heap after
Heap after GC invocations=1 (full 0):
 PSYoungGen      total 38400K, used 5035K [0x00000000d5600000, 0x00000000d8080000, 0x0000000100000000)
  eden space 33280K, 0% used [0x00000000d5600000,0x00000000d5600000,0x00000000d7680000)
  from space 5120K, 98% used [0x00000000d7680000,0x00000000d7b6ac60,0x00000000d7b80000)
  to   space 5120K, 0% used [0x00000000d7b80000,0x00000000d7b80000,0x00000000d8080000)
 ParOldGen       total 87552K, used 8K [0x0000000080200000, 0x0000000085780000, 0x00000000d5600000)
  object space 87552K, 0% used [0x0000000080200000,0x0000000080202000,0x0000000085780000)
 Metaspace       used 9693K, capacity 10048K, committed 10240K, reserved 1058816K
  class space    used 1166K, capacity 1264K, committed 1280K, reserved 1048576K
}
Event: 1.962 GC heap before
{Heap before GC invocations=2 (full 0):
 PSYoungGen      total 38400K, used 38315K [0x00000000d5600000, 0x00000000d8080000, 0x0000000100000000)
  eden space 33280K, 100% used [0x00000000d5600000,0x00000000d7680000,0x00000000d7680000)
  from space 5120K, 98% used [0x00000000d7680000,0x00000000d7b6ac60,0x00000000d7b80000)
  to   space 5120K, 0% used [0x00000000d7b80000,0x00000000d7b80000,0x00000000d8080000)
 ParOldGen       total 87552K, used 8K [0x0000000080200000, 0x0000000085780000, 0x00000000d5600000)
  object space 87552K, 0% used [0x0000000080200000,0x0000000080202000,0x0000000085780000)
 Metaspace       used 9702K, capacity 10048K, committed 10240K, reserved 1058816K
  class space    used 1166K, capacity 1264K, committed 1280K, reserved 1048576K
Event: 1.968 GC heap after
Heap after GC invocations=2 (full 0):
 PSYoungGen      total 38400K, used 2262K [0x00000000d5600000, 0x00000000d8080000, 0x0000000100000000)
  eden space 33280K, 0% used [0x00000000d5600000,0x00000000d5600000,0x00000000d7680000)
  from space 5120K, 44% used [0x00000000d7b80000,0x00000000d7db5b38,0x00000000d8080000)
  to   space 5120K, 0% used [0x00000000d7680000,0x00000000d7680000,0x00000000d7b80000)
 ParOldGen       total 87552K, used 16K [0x0000000080200000, 0x0000000085780000, 0x00000000d5600000)
  object space 87552K, 0% used [0x0000000080200000,0x0000000080204000,0x0000000085780000)
 Metaspace       used 9702K, capacity 10048K, committed 10240K, reserved 1058816K
  class space    used 1166K, capacity 1264K, committed 1280K, reserved 1048576K
}
Event: 3.198 GC heap before
{Heap before GC invocations=3 (full 0):
 PSYoungGen      total 38400K, used 35542K [0x00000000d5600000, 0x00000000d8080000, 0x0000000100000000)
  eden space 33280K, 100% used [0x00000000d5600000,0x00000000d7680000,0x00000000d7680000)
  from space 5120K, 44% used [0x00000000d7b80000,0x00000000d7db5b38,0x00000000d8080000)
  to   space 5120K, 0% used [0x00000000d7680000,0x00000000d7680000,0x00000000d7b80000)
 ParOldGen       total 87552K, used 16K [0x0000000080200000, 0x0000000085780000, 0x00000000d5600000)
  object space 87552K, 0% used [0x0000000080200000,0x0000000080204000,0x0000000085780000)
 Metaspace       used 14334K, capacity 14812K, committed 14976K, reserved 1062912K
  class space    used 1779K, capacity 1917K, committed 1920K, reserved 1048576K
Event: 3.215 GC heap after
Heap after GC invocations=3 (full 0):
 PSYoungGen      total 38400K, used 5098K [0x00000000d5600000, 0x00000000d8080000, 0x0000000100000000)
  eden space 33280K, 0% used [0x00000000d5600000,0x00000000d5600000,0x00000000d7680000)
  from space 5120K, 99% used [0x00000000d7680000,0x00000000d7b7aae8,0x00000000d7b80000)
  to   space 5120K, 0% used [0x00000000d7b80000,0x00000000d7b80000,0x00000000d8080000)
 ParOldGen       total 87552K, used 1560K [0x0000000080200000, 0x0000000085780000, 0x00000000d5600000)
  object space 87552K, 1% used [0x0000000080200000,0x0000000080386158,0x0000000085780000)
 Metaspace       used 14334K, capacity 14812K, committed 14976K, reserved 1062912K
  class space    used 1779K, capacity 1917K, committed 1920K, reserved 1048576K
}
Event: 3.263 GC heap before
{Heap before GC invocations=4 (full 0):
 PSYoungGen      total 38400K, used 6398K [0x00000000d5600000, 0x00000000d8080000, 0x0000000100000000)
  eden space 33280K, 3% used [0x00000000d5600000,0x00000000d5744e68,0x00000000d7680000)
  from space 5120K, 99% used [0x00000000d7680000,0x00000000d7b7aae8,0x00000000d7b80000)
  to   space 5120K, 0% used [0x00000000d7b80000,0x00000000d7b80000,0x00000000d8080000)
 ParOldGen       total 87552K, used 1560K [0x0000000080200000, 0x0000000085780000, 0x00000000d5600000)
  object space 87552K, 1% used [0x0000000080200000,0x0000000080386158,0x0000000085780000)
 Metaspace       used 14440K, capacity 14882K, committed 14976K, reserved 1062912K
  class space    used 1803K, capacity 1918K, committed 1920K, reserved 1048576K
Event: 3.270 GC heap after
Heap after GC invocations=4 (full 0):
 PSYoungGen      total 38400K, used 3609K [0x00000000d5600000, 0x00000000d8080000, 0x0000000100000000)
  eden space 33280K, 0% used [0x00000000d5600000,0x00000000d5600000,0x00000000d7680000)
  from space 5120K, 70% used [0x00000000d7b80000,0x00000000d7f06440,0x00000000d8080000)
  to   space 5120K, 0% used [0x00000000d7680000,0x00000000d7680000,0x00000000d7b80000)
 ParOldGen       total 87552K, used 1568K [0x0000000080200000, 0x0000000085780000, 0x00000000d5600000)
  object space 87552K, 1% used [0x0000000080200000,0x0000000080388158,0x0000000085780000)
 Metaspace       used 14440K, capacity 14882K, committed 14976K, reserved 1062912K
  class space    used 1803K, capacity 1918K, committed 1920K, reserved 1048576K
}
Event: 3.270 GC heap before
{Heap before GC invocations=5 (full 1):
 PSYoungGen      total 38400K, used 3609K [0x00000000d5600000, 0x00000000d8080000, 0x0000000100000000)
  eden space 33280K, 0% used [0x00000000d5600000,0x00000000d5600000,0x00000000d7680000)
  from space 5120K, 70% used [0x00000000d7b80000,0x00000000d7f06440,0x00000000d8080000)
  to   space 5120K, 0% used [0x00000000d7680000,0x00000000d7680000,0x00000000d7b80000)
 ParOldGen       total 87552K, used 1568K [0x0000000080200000, 0x0000000085780000, 0x00000000d5600000)
  object space 87552K, 1% used [0x0000000080200000,0x0000000080388158,0x0000000085780000)
 Metaspace       used 14440K, capacity 14882K, committed 14976K, reserved 1062912K
  class space    used 1803K, capacity 1918K, committed 1920K, reserved 1048576K

